<?xml version="1.0" encoding="UTF-8"?>
<!-- Generated by org.testng.reporters.JUnitXMLReporter -->
<testsuite ignored="0" hostname="ITWS60" failures="0" tests="4" name="Surefire test" time="0.075" errors="0" timestamp="2023-11-04T10:51:58 IST">
  <testcase classname="cse.UserValidationnTest" name="testcase1" time="0.02"/>
  <testcase classname="cse.UserValidationnTest" name="testcase2" time="0.0"/>
  <testcase classname="cse.UserValidationnTest" name="testcase3" time="0.0"/>
  <testcase classname="cse.UserValidationnTest" name="testcase4" time="0.0"/>
</testsuite> <!-- Surefire test -->
